<?xml version="1.0" encoding="UTF-8"?>
<!-- Generated by org.testng.reporters.JUnitXMLReporter -->
<testsuite hostname="LT0062160" name="Default test" tests="1" failures="0" timestamp="19 Sep 2016 13:17:12 GMT" time="0.049" errors="0">
  <testcase name="@BeforeTest setUp" time="0.0" classname="com.appium.san.ajio.androidajio.TestLogin">
    <failure type="org.testng.TestNGException" message="
Parameter &amp;apos;port&amp;apos; is required by @Configuration on method setUp but has not been marked @Optional or defined
in C:\Users\santhosh.baby\AppData\Local\Temp\testng-eclipse-616598062\testng-customsuite.xml">
      <![CDATA[org.testng.TestNGException: 
Parameter 'port' is required by @Configuration on method setUp but has not been marked @Optional or defined
in C:\Users\santhosh.baby\AppData\Local\Temp\testng-eclipse-616598062\testng-customsuite.xml
	at org.testng.internal.Parameters.createParameters(Parameters.java:148)
	at org.testng.internal.Parameters.createParameters(Parameters.java:361)
	at org.testng.internal.Parameters.createConfigurationParameters(Parameters.java:84)
	at org.testng.internal.Invoker.invokeConfigurations(Invoker.java:197)
	at org.testng.internal.Invoker.invokeConfigurations(Invoker.java:138)
	at org.testng.TestRunner.beforeRun(TestRunner.java:647)
	at org.testng.TestRunner.run(TestRunner.java:615)
	at org.testng.SuiteRunner.runTest(SuiteRunner.java:357)
	at org.testng.SuiteRunner.runSequentially(SuiteRunner.java:352)
	at org.testng.SuiteRunner.privateRun(SuiteRunner.java:310)
	at org.testng.SuiteRunner.run(SuiteRunner.java:259)
	at org.testng.SuiteRunnerWorker.runSuite(SuiteRunnerWorker.java:52)
	at org.testng.SuiteRunnerWorker.run(SuiteRunnerWorker.java:86)
	at org.testng.TestNG.runSuitesSequentially(TestNG.java:1185)
	at org.testng.TestNG.runSuitesLocally(TestNG.java:1110)
	at org.testng.TestNG.run(TestNG.java:1018)
	at org.testng.remote.AbstractRemoteTestNG.run(AbstractRemoteTestNG.java:126)
	at org.testng.remote.RemoteTestNG.initAndRun(RemoteTestNG.java:152)
	at org.testng.remote.RemoteTestNG.main(RemoteTestNG.java:57)
]]>
    </failure>
  </testcase> <!-- @BeforeTest setUp -->
  <testcase name="@AfterTest teardown" time="0.0" classname="com.appium.san.ajio.androidajio.TestLogin">
    <skipped/>
  </testcase> <!-- @AfterTest teardown -->
  <testcase name="Verify_user_can_sign_into_the_app_with_an_existing_account" time="0.008" classname="com.appium.san.ajio.androidajio.TestLogin">
    <skipped/>
  </testcase> <!-- Verify_user_can_sign_into_the_app_with_an_existing_account -->
</testsuite> <!-- Default test -->
