<?xml version="1.0" encoding="UTF-8"?>
<!-- Generated by org.testng.reporters.JUnitXMLReporter -->
<testsuite hostname="LT0062160" name="Emulator-1" tests="13" failures="0" timestamp="13 Oct 2016 11:06:58 GMT" time="6.253" errors="0">
  <testcase name="@BeforeTest setUp" time="0.0" classname="com.appium.san.ajio.androidajio.SmokeTest">
    <failure type="org.openqa.selenium.SessionNotCreatedException" message="A new session could not be created. (Original error: Bad app: D:\Android\Ajio-Prod_1-2.apk. App paths need to be absolute, or relative to the appium server install dir, or a URL to compressed file, or a special app name. cause: Error: Error locating the app: ENOENT: no such file or directory, stat &amp;apos;D:\Android\Ajio-Prod_1-2.apk&amp;apos;) (WARNING: The server did not provide any stacktrace information)
Command duration or timeout: 423 milliseconds
Build info: version: &amp;apos;2.48.2&amp;apos;, revision: &amp;apos;41bccdd10cf2c0560f637404c2d96164b67d9d67&amp;apos;, time: &amp;apos;2015-10-09 13:08:06&amp;apos;
System info: host: &amp;apos;LT0062160&amp;apos;, ip: &amp;apos;169.254.53.1&amp;apos;, os.name: &amp;apos;Windows 7&amp;apos;, os.arch: &amp;apos;amd64&amp;apos;, os.version: &amp;apos;6.1&amp;apos;, java.version: &amp;apos;1.8.0_91&amp;apos;
Driver info: io.appium.java_client.android.AndroidDriver">
      <![CDATA[org.openqa.selenium.SessionNotCreatedException: A new session could not be created. (Original error: Bad app: D:\Android\Ajio-Prod_1-2.apk. App paths need to be absolute, or relative to the appium server install dir, or a URL to compressed file, or a special app name. cause: Error: Error locating the app: ENOENT: no such file or directory, stat 'D:\Android\Ajio-Prod_1-2.apk') (WARNING: The server did not provide any stacktrace information)
Command duration or timeout: 423 milliseconds
Build info: version: '2.48.2', revision: '41bccdd10cf2c0560f637404c2d96164b67d9d67', time: '2015-10-09 13:08:06'
System info: host: 'LT0062160', ip: '169.254.53.1', os.name: 'Windows 7', os.arch: 'amd64', os.version: '6.1', java.version: '1.8.0_91'
Driver info: io.appium.java_client.android.AndroidDriver
	at org.openqa.selenium.remote.ErrorHandler.createThrowable(ErrorHandler.java:206)
	at org.openqa.selenium.remote.ErrorHandler.throwIfResponseFailed(ErrorHandler.java:158)
	at org.openqa.selenium.remote.RemoteWebDriver.execute(RemoteWebDriver.java:647)
	at io.appium.java_client.DefaultGenericMobileDriver.execute(DefaultGenericMobileDriver.java:42)
	at io.appium.java_client.AppiumDriver.execute(AppiumDriver.java:1)
	at io.appium.java_client.android.AndroidDriver.execute(AndroidDriver.java:1)
	at org.openqa.selenium.remote.RemoteWebDriver.startSession(RemoteWebDriver.java:247)
	at org.openqa.selenium.remote.RemoteWebDriver.<init>(RemoteWebDriver.java:129)
	at org.openqa.selenium.remote.RemoteWebDriver.<init>(RemoteWebDriver.java:142)
	at io.appium.java_client.DefaultGenericMobileDriver.<init>(DefaultGenericMobileDriver.java:37)
	at io.appium.java_client.AppiumDriver.<init>(AppiumDriver.java:161)
	at io.appium.java_client.AppiumDriver.<init>(AppiumDriver.java:170)
	at io.appium.java_client.android.AndroidDriver.<init>(AndroidDriver.java:82)
	at com.san.appium.sandriver.TestBase.setUp(TestBase.java:94)
	at java.util.concurrent.FutureTask.run(FutureTask.java:266)
	at java.util.concurrent.ThreadPoolExecutor.runWorker(ThreadPoolExecutor.java:1142)
	at java.util.concurrent.ThreadPoolExecutor$Worker.run(ThreadPoolExecutor.java:617)
	at java.lang.Thread.run(Thread.java:745)
... Removed 18 stack frames]]>
    </failure>
  </testcase> <!-- @BeforeTest setUp -->
  <testcase name="@BeforeMethod startTest" time="0.0" classname="com.appium.san.ajio.androidajio.SmokeTest">
    <skipped/>
  </testcase> <!-- @BeforeMethod startTest -->
  <testcase name="@BeforeMethod initbefore" time="0.0" classname="com.appium.san.ajio.androidajio.SmokeTest">
    <skipped/>
  </testcase> <!-- @BeforeMethod initbefore -->
  <testcase name="@AfterMethod afterTest" time="0.0" classname="com.appium.san.ajio.androidajio.SmokeTest">
    <skipped/>
  </testcase> <!-- @AfterMethod afterTest -->
  <testcase name="@BeforeMethod startTest" time="0.0" classname="com.appium.san.ajio.androidajio.SmokeTest">
    <skipped/>
  </testcase> <!-- @BeforeMethod startTest -->
  <testcase name="@BeforeMethod initbefore" time="0.0" classname="com.appium.san.ajio.androidajio.SmokeTest">
    <skipped/>
  </testcase> <!-- @BeforeMethod initbefore -->
  <testcase name="@AfterMethod afterTest" time="0.0" classname="com.appium.san.ajio.androidajio.SmokeTest">
    <skipped/>
  </testcase> <!-- @AfterMethod afterTest -->
  <testcase name="@BeforeMethod startTest" time="0.0" classname="com.appium.san.ajio.androidajio.SmokeTest">
    <skipped/>
  </testcase> <!-- @BeforeMethod startTest -->
  <testcase name="@BeforeMethod initbefore" time="0.0" classname="com.appium.san.ajio.androidajio.SmokeTest">
    <skipped/>
  </testcase> <!-- @BeforeMethod initbefore -->
  <testcase name="@AfterMethod afterTest" time="0.0" classname="com.appium.san.ajio.androidajio.SmokeTest">
    <skipped/>
  </testcase> <!-- @AfterMethod afterTest -->
  <testcase name="@BeforeMethod startTest" time="0.0" classname="com.appium.san.ajio.androidajio.SmokeTest">
    <skipped/>
  </testcase> <!-- @BeforeMethod startTest -->
  <testcase name="@BeforeMethod initbefore" time="0.0" classname="com.appium.san.ajio.androidajio.SmokeTest">
    <skipped/>
  </testcase> <!-- @BeforeMethod initbefore -->
  <testcase name="@AfterMethod afterTest" time="0.0" classname="com.appium.san.ajio.androidajio.SmokeTest">
    <skipped/>
  </testcase> <!-- @AfterMethod afterTest -->
  <testcase name="@BeforeMethod startTest" time="0.0" classname="com.appium.san.ajio.androidajio.SmokeTest">
    <skipped/>
  </testcase> <!-- @BeforeMethod startTest -->
  <testcase name="@BeforeMethod initbefore" time="0.0" classname="com.appium.san.ajio.androidajio.SmokeTest">
    <skipped/>
  </testcase> <!-- @BeforeMethod initbefore -->
  <testcase name="@AfterMethod afterTest" time="0.0" classname="com.appium.san.ajio.androidajio.SmokeTest">
    <skipped/>
  </testcase> <!-- @AfterMethod afterTest -->
  <testcase name="@BeforeMethod startTest" time="0.0" classname="com.appium.san.ajio.androidajio.SmokeTest">
    <skipped/>
  </testcase> <!-- @BeforeMethod startTest -->
  <testcase name="@BeforeMethod initbefore" time="0.0" classname="com.appium.san.ajio.androidajio.SmokeTest">
    <skipped/>
  </testcase> <!-- @BeforeMethod initbefore -->
  <testcase name="@AfterMethod afterTest" time="0.0" classname="com.appium.san.ajio.androidajio.SmokeTest">
    <skipped/>
  </testcase> <!-- @AfterMethod afterTest -->
  <testcase name="@BeforeMethod startTest" time="0.0" classname="com.appium.san.ajio.androidajio.SmokeTest">
    <skipped/>
  </testcase> <!-- @BeforeMethod startTest -->
  <testcase name="@BeforeMethod initbefore" time="0.0" classname="com.appium.san.ajio.androidajio.SmokeTest">
    <skipped/>
  </testcase> <!-- @BeforeMethod initbefore -->
  <testcase name="@AfterMethod afterTest" time="0.0" classname="com.appium.san.ajio.androidajio.SmokeTest">
    <skipped/>
  </testcase> <!-- @AfterMethod afterTest -->
  <testcase name="@BeforeMethod startTest" time="0.0" classname="com.appium.san.ajio.androidajio.SmokeTest">
    <skipped/>
  </testcase> <!-- @BeforeMethod startTest -->
  <testcase name="@BeforeMethod initbefore" time="0.0" classname="com.appium.san.ajio.androidajio.SmokeTest">
    <skipped/>
  </testcase> <!-- @BeforeMethod initbefore -->
  <testcase name="@AfterMethod afterTest" time="0.0" classname="com.appium.san.ajio.androidajio.SmokeTest">
    <skipped/>
  </testcase> <!-- @AfterMethod afterTest -->
  <testcase name="@BeforeMethod startTest" time="0.0" classname="com.appium.san.ajio.androidajio.SmokeTest">
    <skipped/>
  </testcase> <!-- @BeforeMethod startTest -->
  <testcase name="@BeforeMethod initbefore" time="0.0" classname="com.appium.san.ajio.androidajio.SmokeTest">
    <skipped/>
  </testcase> <!-- @BeforeMethod initbefore -->
  <testcase name="@AfterMethod afterTest" time="0.0" classname="com.appium.san.ajio.androidajio.SmokeTest">
    <skipped/>
  </testcase> <!-- @AfterMethod afterTest -->
  <testcase name="@BeforeMethod startTest" time="0.0" classname="com.appium.san.ajio.androidajio.SmokeTest">
    <skipped/>
  </testcase> <!-- @BeforeMethod startTest -->
  <testcase name="@BeforeMethod initbefore" time="0.0" classname="com.appium.san.ajio.androidajio.SmokeTest">
    <skipped/>
  </testcase> <!-- @BeforeMethod initbefore -->
  <testcase name="@AfterMethod afterTest" time="0.0" classname="com.appium.san.ajio.androidajio.SmokeTest">
    <skipped/>
  </testcase> <!-- @AfterMethod afterTest -->
  <testcase name="@BeforeMethod startTest" time="0.0" classname="com.appium.san.ajio.androidajio.SmokeTest">
    <skipped/>
  </testcase> <!-- @BeforeMethod startTest -->
  <testcase name="@BeforeMethod initbefore" time="0.0" classname="com.appium.san.ajio.androidajio.SmokeTest">
    <skipped/>
  </testcase> <!-- @BeforeMethod initbefore -->
  <testcase name="@AfterMethod afterTest" time="0.0" classname="com.appium.san.ajio.androidajio.SmokeTest">
    <skipped/>
  </testcase> <!-- @AfterMethod afterTest -->
  <testcase name="@BeforeMethod startTest" time="0.0" classname="com.appium.san.ajio.androidajio.SmokeTest">
    <skipped/>
  </testcase> <!-- @BeforeMethod startTest -->
  <testcase name="@BeforeMethod initbefore" time="0.0" classname="com.appium.san.ajio.androidajio.SmokeTest">
    <skipped/>
  </testcase> <!-- @BeforeMethod initbefore -->
  <testcase name="@AfterMethod afterTest" time="0.0" classname="com.appium.san.ajio.androidajio.SmokeTest">
    <skipped/>
  </testcase> <!-- @AfterMethod afterTest -->
  <testcase name="@BeforeMethod startTest" time="0.0" classname="com.appium.san.ajio.androidajio.SmokeTest">
    <skipped/>
  </testcase> <!-- @BeforeMethod startTest -->
  <testcase name="@BeforeMethod initbefore" time="0.0" classname="com.appium.san.ajio.androidajio.SmokeTest">
    <skipped/>
  </testcase> <!-- @BeforeMethod initbefore -->
  <testcase name="@AfterMethod afterTest" time="0.0" classname="com.appium.san.ajio.androidajio.SmokeTest">
    <skipped/>
  </testcase> <!-- @AfterMethod afterTest -->
  <testcase name="@AfterTest teardown" time="0.0" classname="com.appium.san.ajio.androidajio.SmokeTest">
    <skipped/>
  </testcase> <!-- @AfterTest teardown -->
  <testcase name="Add_Remove_feature_in_cart" time="0.001" classname="com.appium.san.ajio.androidajio.SmokeTest">
    <skipped/>
  </testcase> <!-- Add_Remove_feature_in_cart -->
  <testcase name="Verify_Add_New_Delivery_Address" time="0.0" classname="com.appium.san.ajio.androidajio.SmokeTest">
    <skipped/>
  </testcase> <!-- Verify_Add_New_Delivery_Address -->
  <testcase name="Verify_Home_screen_contents_navigation_to_other_screens" time="0.0" classname="com.appium.san.ajio.androidajio.SmokeTest">
    <skipped/>
  </testcase> <!-- Verify_Home_screen_contents_navigation_to_other_screens -->
  <testcase name="Verify_PDP_screen_adding_product" time="0.0" classname="com.appium.san.ajio.androidajio.SmokeTest">
    <skipped/>
  </testcase> <!-- Verify_PDP_screen_adding_product -->
  <testcase name="Verify_edit_address" time="0.0" classname="com.appium.san.ajio.androidajio.SmokeTest">
    <skipped/>
  </testcase> <!-- Verify_edit_address -->
  <testcase name="Verify_my_account_screen" time="0.0" classname="com.appium.san.ajio.androidajio.SmokeTest">
    <skipped/>
  </testcase> <!-- Verify_my_account_screen -->
  <testcase name="Verify_offer_tag_appears_in_PLP" time="0.0" classname="com.appium.san.ajio.androidajio.SmokeTest">
    <skipped/>
  </testcase> <!-- Verify_offer_tag_appears_in_PLP -->
  <testcase name="Verify_pincode_check_in_PDP_and_cart" time="0.001" classname="com.appium.san.ajio.androidajio.SmokeTest">
    <skipped/>
  </testcase> <!-- Verify_pincode_check_in_PDP_and_cart -->
  <testcase name="Verify_promo_msgs_in_PDP" time="0.0" classname="com.appium.san.ajio.androidajio.SmokeTest">
    <skipped/>
  </testcase> <!-- Verify_promo_msgs_in_PDP -->
  <testcase name="Verify_user_can_see_shop_the_look_capsule_on_PDP" time="0.001" classname="com.appium.san.ajio.androidajio.SmokeTest">
    <skipped/>
  </testcase> <!-- Verify_user_can_see_shop_the_look_capsule_on_PDP -->
  <testcase name="Verify_user_can_sign_into_the_app_with_an_existing_account" time="0.0" classname="com.appium.san.ajio.androidajio.SmokeTest">
    <skipped/>
  </testcase> <!-- Verify_user_can_sign_into_the_app_with_an_existing_account -->
  <testcase name="Verify_when_no_items_in_cart_closet" time="0.0" classname="com.appium.san.ajio.androidajio.SmokeTest">
    <skipped/>
  </testcase> <!-- Verify_when_no_items_in_cart_closet -->
  <testcase name="place_order" time="0.0" classname="com.appium.san.ajio.androidajio.SmokeTest">
    <skipped/>
  </testcase> <!-- place_order -->
</testsuite> <!-- Emulator-1 -->
