<?xml version="1.0" encoding="UTF-8"?>
<testsuite name="TestSuite" time="7.589" tests="54" errors="0" skipped="53" failures="1">
  <properties>
[...]
</properties>
  <testcase name="setUp" classname="com.appium.san.ajio.androidajio.SmokeTest" time="7.589">
    <failure message="A new session could not be created. (Original error: Bad app: D:\Android\Ajio-Prod_1-2.apk. App paths need to be absolute, or relative to the appium server install dir, or a URL to compressed file, or a special app name. cause: Error: Error locating the app: ENOENT: no such file or directory, stat &apos;D:\Android\Ajio-Prod_1-2.apk&apos;) (WARNING: The server did not provide any stacktrace information)&#10;Command duration or timeout: 423 milliseconds&#10;Build info: version: &apos;2.48.2&apos;, revision: &apos;41bccdd10cf2c0560f637404c2d96164b67d9d67&apos;, time: &apos;2015-10-09 13:08:06&apos;&#10;System info: host: &apos;LT0062160&apos;, ip: &apos;169.254.53.1&apos;, os.name: &apos;Windows 7&apos;, os.arch: &apos;amd64&apos;, os.version: &apos;6.1&apos;, java.version: &apos;1.8.0_91&apos;&#10;Driver info: io.appium.java_client.android.AndroidDriver" type="org.openqa.selenium.SessionNotCreatedException"><![CDATA[org.openqa.selenium.SessionNotCreatedException: A new session could not be created. (Original error: Bad app: D:\Android\Ajio-Prod_1-2.apk. App paths need to be absolute, or relative to the appium server install dir, or a URL to compressed file, or a special app name. cause: Error: Error locating the app: ENOENT: no such file or directory, stat 'D:\Android\Ajio-Prod_1-2.apk') (WARNING: The server did not provide any stacktrace information)
Command duration or timeout: 423 milliseconds
Build info: version: '2.48.2', revision: '41bccdd10cf2c0560f637404c2d96164b67d9d67', time: '2015-10-09 13:08:06'
System info: host: 'LT0062160', ip: '169.254.53.1', os.name: 'Windows 7', os.arch: 'amd64', os.version: '6.1', java.version: '1.8.0_91'
Driver info: io.appium.java_client.android.AndroidDriver
	at sun.reflect.NativeConstructorAccessorImpl.newInstance0(Native Method)
	at sun.reflect.NativeConstructorAccessorImpl.newInstance(NativeConstructorAccessorImpl.java:62)
	at sun.reflect.DelegatingConstructorAccessorImpl.newInstance(DelegatingConstructorAccessorImpl.java:45)
	at java.lang.reflect.Constructor.newInstance(Constructor.java:423)
	at org.openqa.selenium.remote.ErrorHandler.createThrowable(ErrorHandler.java:206)
	at org.openqa.selenium.remote.ErrorHandler.throwIfResponseFailed(ErrorHandler.java:158)
	at org.openqa.selenium.remote.RemoteWebDriver.execute(RemoteWebDriver.java:647)
	at io.appium.java_client.DefaultGenericMobileDriver.execute(DefaultGenericMobileDriver.java:42)
	at io.appium.java_client.AppiumDriver.execute(AppiumDriver.java:1)
	at io.appium.java_client.android.AndroidDriver.execute(AndroidDriver.java:1)
	at org.openqa.selenium.remote.RemoteWebDriver.startSession(RemoteWebDriver.java:247)
	at org.openqa.selenium.remote.RemoteWebDriver.<init>(RemoteWebDriver.java:129)
	at org.openqa.selenium.remote.RemoteWebDriver.<init>(RemoteWebDriver.java:142)
	at io.appium.java_client.DefaultGenericMobileDriver.<init>(DefaultGenericMobileDriver.java:37)
	at io.appium.java_client.AppiumDriver.<init>(AppiumDriver.java:161)
	at io.appium.java_client.AppiumDriver.<init>(AppiumDriver.java:170)
	at io.appium.java_client.android.AndroidDriver.<init>(AndroidDriver.java:82)
	at com.san.appium.sandriver.TestBase.setUp(TestBase.java:94)
	at sun.reflect.NativeMethodAccessorImpl.invoke0(Native Method)
	at sun.reflect.NativeMethodAccessorImpl.invoke(NativeMethodAccessorImpl.java:62)
	at sun.reflect.DelegatingMethodAccessorImpl.invoke(DelegatingMethodAccessorImpl.java:43)
	at java.lang.reflect.Method.invoke(Method.java:498)
	at org.testng.internal.MethodInvocationHelper.invokeMethod(MethodInvocationHelper.java:85)
	at org.testng.internal.Invoker.invokeConfigurationMethod(Invoker.java:510)
	at org.testng.internal.Invoker.invokeConfigurations(Invoker.java:211)
	at org.testng.internal.Invoker.invokeConfigurations(Invoker.java:138)
	at org.testng.TestRunner.beforeRun(TestRunner.java:647)
	at org.testng.TestRunner.run(TestRunner.java:615)
	at org.testng.SuiteRunner.runTest(SuiteRunner.java:357)
	at org.testng.SuiteRunner.access$000(SuiteRunner.java:39)
	at org.testng.SuiteRunner$SuiteWorker.run(SuiteRunner.java:391)
	at org.testng.internal.thread.ThreadUtil$2.call(ThreadUtil.java:64)
	at java.util.concurrent.FutureTask.run(FutureTask.java:266)
	at java.util.concurrent.ThreadPoolExecutor.runWorker(ThreadPoolExecutor.java:1142)
	at java.util.concurrent.ThreadPoolExecutor$Worker.run(ThreadPoolExecutor.java:617)
	at java.lang.Thread.run(Thread.java:745)
]]></failure>
    <system-out><![CDATA[command to run: adb -s 98857538485134424f shell pm clear com.ril.ajio
temp line: * daemon not running. starting it now on port 5037 *
temp line: * daemon started successfully *
temp line: Failed
temp line: 
result after command: [* daemon not running. starting it now on port 5037 *, * daemon started successfully *, Failed, ]
http://localhost:4726/wd/hub
]]></system-out>
  </testcase>
  <testcase name="startTest" classname="com.appium.san.ajio.androidajio.SmokeTest" time="0">
    <skipped/>
  </testcase>
  <testcase name="startTest" classname="com.appium.san.ajio.androidajio.SmokeTest" time="0">
    <skipped/>
  </testcase>
  <testcase name="startTest" classname="com.appium.san.ajio.androidajio.SmokeTest" time="0">
    <skipped/>
  </testcase>
  <testcase name="startTest" classname="com.appium.san.ajio.androidajio.SmokeTest" time="0">
    <skipped/>
  </testcase>
  <testcase name="startTest" classname="com.appium.san.ajio.androidajio.SmokeTest" time="0">
    <skipped/>
  </testcase>
  <testcase name="startTest" classname="com.appium.san.ajio.androidajio.SmokeTest" time="0">
    <skipped/>
  </testcase>
  <testcase name="startTest" classname="com.appium.san.ajio.androidajio.SmokeTest" time="0">
    <skipped/>
  </testcase>
  <testcase name="startTest" classname="com.appium.san.ajio.androidajio.SmokeTest" time="0">
    <skipped/>
  </testcase>
  <testcase name="startTest" classname="com.appium.san.ajio.androidajio.SmokeTest" time="0">
    <skipped/>
  </testcase>
  <testcase name="startTest" classname="com.appium.san.ajio.androidajio.SmokeTest" time="0">
    <skipped/>
  </testcase>
  <testcase name="startTest" classname="com.appium.san.ajio.androidajio.SmokeTest" time="0">
    <skipped/>
  </testcase>
  <testcase name="startTest" classname="com.appium.san.ajio.androidajio.SmokeTest" time="0">
    <skipped/>
  </testcase>
  <testcase name="startTest" classname="com.appium.san.ajio.androidajio.SmokeTest" time="0">
    <skipped/>
  </testcase>
  <testcase name="initbefore" classname="com.appium.san.ajio.androidajio.SmokeTest" time="0">
    <skipped/>
  </testcase>
  <testcase name="initbefore" classname="com.appium.san.ajio.androidajio.SmokeTest" time="0">
    <skipped/>
  </testcase>
  <testcase name="initbefore" classname="com.appium.san.ajio.androidajio.SmokeTest" time="0">
    <skipped/>
  </testcase>
  <testcase name="initbefore" classname="com.appium.san.ajio.androidajio.SmokeTest" time="0">
    <skipped/>
  </testcase>
  <testcase name="initbefore" classname="com.appium.san.ajio.androidajio.SmokeTest" time="0">
    <skipped/>
  </testcase>
  <testcase name="initbefore" classname="com.appium.san.ajio.androidajio.SmokeTest" time="0">
    <skipped/>
  </testcase>
  <testcase name="initbefore" classname="com.appium.san.ajio.androidajio.SmokeTest" time="0">
    <skipped/>
  </testcase>
  <testcase name="initbefore" classname="com.appium.san.ajio.androidajio.SmokeTest" time="0">
    <skipped/>
  </testcase>
  <testcase name="initbefore" classname="com.appium.san.ajio.androidajio.SmokeTest" time="0">
    <skipped/>
  </testcase>
  <testcase name="initbefore" classname="com.appium.san.ajio.androidajio.SmokeTest" time="0">
    <skipped/>
  </testcase>
  <testcase name="initbefore" classname="com.appium.san.ajio.androidajio.SmokeTest" time="0">
    <skipped/>
  </testcase>
  <testcase name="initbefore" classname="com.appium.san.ajio.androidajio.SmokeTest" time="0">
    <skipped/>
  </testcase>
  <testcase name="initbefore" classname="com.appium.san.ajio.androidajio.SmokeTest" time="0">
    <skipped/>
  </testcase>
  <testcase name="Add_Remove_feature_in_cart" classname="com.appium.san.ajio.androidajio.SmokeTest" time="0">
    <skipped/>
  </testcase>
  <testcase name="afterTest" classname="com.appium.san.ajio.androidajio.SmokeTest" time="0">
    <skipped/>
  </testcase>
  <testcase name="afterTest" classname="com.appium.san.ajio.androidajio.SmokeTest" time="0">
    <skipped/>
  </testcase>
  <testcase name="afterTest" classname="com.appium.san.ajio.androidajio.SmokeTest" time="0">
    <skipped/>
  </testcase>
  <testcase name="afterTest" classname="com.appium.san.ajio.androidajio.SmokeTest" time="0">
    <skipped/>
  </testcase>
  <testcase name="afterTest" classname="com.appium.san.ajio.androidajio.SmokeTest" time="0">
    <skipped/>
  </testcase>
  <testcase name="afterTest" classname="com.appium.san.ajio.androidajio.SmokeTest" time="0">
    <skipped/>
  </testcase>
  <testcase name="afterTest" classname="com.appium.san.ajio.androidajio.SmokeTest" time="0">
    <skipped/>
  </testcase>
  <testcase name="afterTest" classname="com.appium.san.ajio.androidajio.SmokeTest" time="0">
    <skipped/>
  </testcase>
  <testcase name="afterTest" classname="com.appium.san.ajio.androidajio.SmokeTest" time="0">
    <skipped/>
  </testcase>
  <testcase name="afterTest" classname="com.appium.san.ajio.androidajio.SmokeTest" time="0">
    <skipped/>
  </testcase>
  <testcase name="afterTest" classname="com.appium.san.ajio.androidajio.SmokeTest" time="0">
    <skipped/>
  </testcase>
  <testcase name="afterTest" classname="com.appium.san.ajio.androidajio.SmokeTest" time="0">
    <skipped/>
  </testcase>
  <testcase name="afterTest" classname="com.appium.san.ajio.androidajio.SmokeTest" time="0">
    <skipped/>
  </testcase>
  <testcase name="Verify_Add_New_Delivery_Address" classname="com.appium.san.ajio.androidajio.SmokeTest" time="0">
    <skipped/>
  </testcase>
  <testcase name="Verify_Home_screen_contents_navigation_to_other_screens" classname="com.appium.san.ajio.androidajio.SmokeTest" time="0">
    <skipped/>
  </testcase>
  <testcase name="Verify_PDP_screen_adding_product" classname="com.appium.san.ajio.androidajio.SmokeTest" time="0">
    <skipped/>
  </testcase>
  <testcase name="Verify_edit_address" classname="com.appium.san.ajio.androidajio.SmokeTest" time="0">
    <skipped/>
  </testcase>
  <testcase name="Verify_my_account_screen" classname="com.appium.san.ajio.androidajio.SmokeTest" time="0">
    <skipped/>
  </testcase>
  <testcase name="Verify_offer_tag_appears_in_PLP" classname="com.appium.san.ajio.androidajio.SmokeTest" time="0">
    <skipped/>
  </testcase>
  <testcase name="Verify_pincode_check_in_PDP_and_cart" classname="com.appium.san.ajio.androidajio.SmokeTest" time="0">
    <skipped/>
  </testcase>
  <testcase name="Verify_promo_msgs_in_PDP" classname="com.appium.san.ajio.androidajio.SmokeTest" time="0">
    <skipped/>
  </testcase>
  <testcase name="Verify_user_can_see_shop_the_look_capsule_on_PDP" classname="com.appium.san.ajio.androidajio.SmokeTest" time="0">
    <skipped/>
  </testcase>
  <testcase name="Verify_user_can_sign_into_the_app_with_an_existing_account" classname="com.appium.san.ajio.androidajio.SmokeTest" time="0">
    <skipped/>
  </testcase>
  <testcase name="Verify_when_no_items_in_cart_closet" classname="com.appium.san.ajio.androidajio.SmokeTest" time="0">
    <skipped/>
  </testcase>
  <testcase name="place_order" classname="com.appium.san.ajio.androidajio.SmokeTest" time="0">
    <skipped/>
  </testcase>
  <testcase name="teardown" classname="com.appium.san.ajio.androidajio.SmokeTest" time="0">
    <skipped/>
  </testcase>
</testsuite>