<?xml version="1.0" encoding="UTF-8"?>
<testsuite name="TestSuite" time="17.427" tests="2" errors="0" skipped="0" failures="2">
  <properties>
[...]
</properties>
  <testcase name="testmethodLogin" classname="com.appium.san.ajio.androidajio.TestLogin" time="17.427">
    <failure message="An unknown server-side error occurred while processing the command. (WARNING: The server did not provide any stacktrace information)&#10;Command duration or timeout: 6.74 seconds&#10;Build info: version: &apos;2.48.2&apos;, revision: &apos;41bccdd10cf2c0560f637404c2d96164b67d9d67&apos;, time: &apos;2015-10-09 13:08:06&apos;&#10;System info: host: &apos;santhosh-PC&apos;, ip: &apos;169.254.114.64&apos;, os.name: &apos;Windows 7&apos;, os.arch: &apos;amd64&apos;, os.version: &apos;6.1&apos;, java.version: &apos;1.8.0_25&apos;&#10;Driver info: io.appium.java_client.android.AndroidDriver&#10;Capabilities [{app=C:\Users\santhosh\Downloads\SHAREit\SM-G935F\app\AJIO.apk, appPackage=com.ril.ajio, networkConnectionEnabled=true, warnings={}, databaseEnabled=false, deviceName=50a44df8, platform=LINUX, appActivity=SplashScreenActivity, desired={app=C:\Users\santhosh\Downloads\SHAREit\SM-G935F\app\AJIO.apk, appPackage=com.ril.ajio, appActivity=SplashScreenActivity, newCommandTimeout=30, platformVersion=5.1, automationName=Appium, platformName=Android, deviceName=192.168.0.5:5555}, newCommandTimeout=30, platformVersion=6.0.1, webStorageEnabled=false, locationContextEnabled=false, automationName=Appium, browserName=Android, takesScreenshot=true, javascriptEnabled=true, platformName=Android}]&#10;Session ID: 4e30f53f-c3fd-47a3-820d-762f8a4ac7f1" type="org.openqa.selenium.WebDriverException">org.openqa.selenium.WebDriverException: An unknown server-side error occurred while processing the command. (WARNING: The server did not provide any stacktrace information)
Command duration or timeout: 6.74 seconds
Build info: version: '2.48.2', revision: '41bccdd10cf2c0560f637404c2d96164b67d9d67', time: '2015-10-09 13:08:06'
System info: host: 'santhosh-PC', ip: '169.254.114.64', os.name: 'Windows 7', os.arch: 'amd64', os.version: '6.1', java.version: '1.8.0_25'
Driver info: io.appium.java_client.android.AndroidDriver
Capabilities [{app=C:\Users\santhosh\Downloads\SHAREit\SM-G935F\app\AJIO.apk, appPackage=com.ril.ajio, networkConnectionEnabled=true, warnings={}, databaseEnabled=false, deviceName=50a44df8, platform=LINUX, appActivity=SplashScreenActivity, desired={app=C:\Users\santhosh\Downloads\SHAREit\SM-G935F\app\AJIO.apk, appPackage=com.ril.ajio, appActivity=SplashScreenActivity, newCommandTimeout=30, platformVersion=5.1, automationName=Appium, platformName=Android, deviceName=192.168.0.5:5555}, newCommandTimeout=30, platformVersion=6.0.1, webStorageEnabled=false, locationContextEnabled=false, automationName=Appium, browserName=Android, takesScreenshot=true, javascriptEnabled=true, platformName=Android}]
Session ID: 4e30f53f-c3fd-47a3-820d-762f8a4ac7f1
	at sun.reflect.NativeConstructorAccessorImpl.newInstance0(Native Method)
	at sun.reflect.NativeConstructorAccessorImpl.newInstance(NativeConstructorAccessorImpl.java:62)
	at sun.reflect.DelegatingConstructorAccessorImpl.newInstance(DelegatingConstructorAccessorImpl.java:45)
	at java.lang.reflect.Constructor.newInstance(Constructor.java:408)
	at org.openqa.selenium.remote.ErrorHandler.createThrowable(ErrorHandler.java:206)
	at org.openqa.selenium.remote.ErrorHandler.throwIfResponseFailed(ErrorHandler.java:158)
	at org.openqa.selenium.remote.RemoteWebDriver.execute(RemoteWebDriver.java:647)
	at io.appium.java_client.DefaultGenericMobileDriver.execute(DefaultGenericMobileDriver.java:42)
	at io.appium.java_client.AppiumDriver.execute(AppiumDriver.java:1)
	at io.appium.java_client.android.AndroidDriver.execute(AndroidDriver.java:1)
	at org.openqa.selenium.remote.RemoteWebElement.execute(RemoteWebElement.java:326)
	at io.appium.java_client.DefaultGenericMobileElement.execute(DefaultGenericMobileElement.java:44)
	at io.appium.java_client.MobileElement.execute(MobileElement.java:1)
	at io.appium.java_client.android.AndroidElement.execute(AndroidElement.java:1)
	at org.openqa.selenium.remote.RemoteWebElement.sendKeys(RemoteWebElement.java:121)
	at com.appium.san.ajio.androidajio.components.Components.login(Components.java:19)
	at com.appium.san.ajio.androidajio.TestLogin.testmethodLogin(TestLogin.java:16)
</failure>
    <system-out><![CDATA[test
]]></system-out>
  </testcase>
  <testcase name="testmethodLogin" classname="com.appium.san.ajio.androidajio.TestLogin" time="22.666">
    <failure message="An unknown server-side error occurred while processing the command. (Original error: Soft keyboard not present, cannot hide keyboard) (WARNING: The server did not provide any stacktrace information)&#10;Command duration or timeout: 97 milliseconds&#10;Build info: version: &apos;2.48.2&apos;, revision: &apos;41bccdd10cf2c0560f637404c2d96164b67d9d67&apos;, time: &apos;2015-10-09 13:08:06&apos;&#10;System info: host: &apos;santhosh-PC&apos;, ip: &apos;169.254.114.64&apos;, os.name: &apos;Windows 7&apos;, os.arch: &apos;amd64&apos;, os.version: &apos;6.1&apos;, java.version: &apos;1.8.0_25&apos;&#10;Driver info: io.appium.java_client.android.AndroidDriver&#10;Capabilities [{app=C:\Users\santhosh\Downloads\SHAREit\SM-G935F\app\AJIO.apk, appPackage=com.ril.ajio, networkConnectionEnabled=true, warnings={}, databaseEnabled=false, deviceName=50a44df8, platform=LINUX, appActivity=SplashScreenActivity, desired={app=C:\Users\santhosh\Downloads\SHAREit\SM-G935F\app\AJIO.apk, appPackage=com.ril.ajio, appActivity=SplashScreenActivity, newCommandTimeout=30, platformVersion=5.1, automationName=Appium, platformName=Android, deviceName=50a44df8}, newCommandTimeout=30, platformVersion=6.0.1, webStorageEnabled=false, locationContextEnabled=false, automationName=Appium, browserName=Android, takesScreenshot=true, javascriptEnabled=true, platformName=Android}]&#10;Session ID: 98428cf6-ab84-4f49-aa09-a35622f87fd8" type="org.openqa.selenium.WebDriverException">org.openqa.selenium.WebDriverException: An unknown server-side error occurred while processing the command. (Original error: Soft keyboard not present, cannot hide keyboard) (WARNING: The server did not provide any stacktrace information)
Command duration or timeout: 97 milliseconds
Build info: version: '2.48.2', revision: '41bccdd10cf2c0560f637404c2d96164b67d9d67', time: '2015-10-09 13:08:06'
System info: host: 'santhosh-PC', ip: '169.254.114.64', os.name: 'Windows 7', os.arch: 'amd64', os.version: '6.1', java.version: '1.8.0_25'
Driver info: io.appium.java_client.android.AndroidDriver
Capabilities [{app=C:\Users\santhosh\Downloads\SHAREit\SM-G935F\app\AJIO.apk, appPackage=com.ril.ajio, networkConnectionEnabled=true, warnings={}, databaseEnabled=false, deviceName=50a44df8, platform=LINUX, appActivity=SplashScreenActivity, desired={app=C:\Users\santhosh\Downloads\SHAREit\SM-G935F\app\AJIO.apk, appPackage=com.ril.ajio, appActivity=SplashScreenActivity, newCommandTimeout=30, platformVersion=5.1, automationName=Appium, platformName=Android, deviceName=50a44df8}, newCommandTimeout=30, platformVersion=6.0.1, webStorageEnabled=false, locationContextEnabled=false, automationName=Appium, browserName=Android, takesScreenshot=true, javascriptEnabled=true, platformName=Android}]
Session ID: 98428cf6-ab84-4f49-aa09-a35622f87fd8
	at sun.reflect.NativeConstructorAccessorImpl.newInstance0(Native Method)
	at sun.reflect.NativeConstructorAccessorImpl.newInstance(NativeConstructorAccessorImpl.java:62)
	at sun.reflect.DelegatingConstructorAccessorImpl.newInstance(DelegatingConstructorAccessorImpl.java:45)
	at java.lang.reflect.Constructor.newInstance(Constructor.java:408)
	at org.openqa.selenium.remote.ErrorHandler.createThrowable(ErrorHandler.java:206)
	at org.openqa.selenium.remote.ErrorHandler.throwIfResponseFailed(ErrorHandler.java:158)
	at org.openqa.selenium.remote.RemoteWebDriver.execute(RemoteWebDriver.java:647)
	at io.appium.java_client.DefaultGenericMobileDriver.execute(DefaultGenericMobileDriver.java:42)
	at io.appium.java_client.AppiumDriver.execute(AppiumDriver.java:206)
	at io.appium.java_client.AppiumDriver.hideKeyboard(AppiumDriver.java:278)
	at com.appium.san.ajio.androidajio.components.Components.login(Components.java:32)
	at com.appium.san.ajio.androidajio.TestLogin.testmethodLogin(TestLogin.java:16)
</failure>
    <system-out><![CDATA[test
]]></system-out>
  </testcase>
</testsuite>