<?xml version="1.0" encoding="UTF-8"?>
<testng-results skipped="0" failed="0" total="1" passed="1">
  <reporter-output>
  </reporter-output>
  <suite name="Smoke" duration-ms="70136" started-at="2016-09-22T10:08:29Z" finished-at="2016-09-22T10:09:39Z">
    <groups>
    </groups>
    <test name="Emulator-1" duration-ms="70136" started-at="2016-09-22T10:08:29Z" finished-at="2016-09-22T10:09:39Z">
      <class name="com.appium.san.ajio.androidajio.TestLogin">
        <test-method status="PASS" signature="setUp(java.lang.String, java.lang.String, java.lang.String, java.lang.String, java.lang.String, java.lang.String)[pri:0, instance:com.appium.san.ajio.androidajio.TestLogin@589838eb]" name="setUp" is-config="true" duration-ms="12625" started-at="2016-09-22T15:38:29Z" finished-at="2016-09-22T15:38:41Z">
          <params>
            <param index="0">
              <value>
                <![CDATA[4726]]>
              </value>
            </param>
            <param index="1">
              <value>
                <![CDATA[192.168.209.101:5555]]>
              </value>
            </param>
            <param index="2">
              <value>
                <![CDATA[ANDROID]]>
              </value>
            </param>
            <param index="3">
              <value>
                <![CDATA[6.0]]>
              </value>
            </param>
            <param index="4">
              <value>
                <![CDATA[san]]>
              </value>
            </param>
            <param index="5">
              <value>
                <![CDATA[D:\\Android\\Ajio-Prod_1-2.apk]]>
              </value>
            </param>
          </params>
          <reporter-output>
          </reporter-output>
        </test-method> <!-- setUp -->
        <test-method status="PASS" signature="initbefore()[pri:0, instance:com.appium.san.ajio.androidajio.TestLogin@589838eb]" name="initbefore" is-config="true" duration-ms="16136" started-at="2016-09-22T15:38:41Z" finished-at="2016-09-22T15:38:58Z">
          <reporter-output>
          </reporter-output>
        </test-method> <!-- initbefore -->
        <test-method status="PASS" signature="Verify_user_can_sign_into_the_app_with_an_existing_account()[pri:0, instance:com.appium.san.ajio.androidajio.TestLogin@589838eb]" name="Verify_user_can_sign_into_the_app_with_an_existing_account" duration-ms="40034" started-at="2016-09-22T15:38:58Z" finished-at="2016-09-22T15:39:38Z">
          <reporter-output>
          </reporter-output>
        </test-method> <!-- Verify_user_can_sign_into_the_app_with_an_existing_account -->
        <test-method status="PASS" signature="teardown()[pri:0, instance:com.appium.san.ajio.androidajio.TestLogin@589838eb]" name="teardown" is-config="true" duration-ms="1304" started-at="2016-09-22T15:39:38Z" finished-at="2016-09-22T15:39:39Z">
          <reporter-output>
          </reporter-output>
        </test-method> <!-- teardown -->
      </class> <!-- com.appium.san.ajio.androidajio.TestLogin -->
    </test> <!-- Emulator-1 -->
  </suite> <!-- Smoke -->
</testng-results>
