<?xml version="1.0" encoding="UTF-8"?>
<!-- Generated by org.testng.reporters.JUnitXMLReporter -->
<testsuite hostname="LT0062160" name="Emulator-2" tests="1" failures="1" timestamp="16 Sep 2016 11:55:07 GMT" time="133.617" errors="0">
  <testcase name="Verify_user_can_sign_into_the_app_with_an_existing_account" time="62.518" classname="com.appium.san.ajio.androidajio.TestLogin">
    <failure type="org.openqa.selenium.NoSuchElementException" message="An element could not be located on the page using the given search parameters. (WARNING: The server did not provide any stacktrace information)
Command duration or timeout: 30.09 seconds
For documentation on this error, please visit: http://seleniumhq.org/exceptions/no_such_element.html
Build info: version: &amp;apos;2.48.2&amp;apos;, revision: &amp;apos;41bccdd10cf2c0560f637404c2d96164b67d9d67&amp;apos;, time: &amp;apos;2015-10-09 13:08:06&amp;apos;
System info: host: &amp;apos;LT0062160&amp;apos;, ip: &amp;apos;10.106.154.96&amp;apos;, os.name: &amp;apos;Windows 7&amp;apos;, os.arch: &amp;apos;amd64&amp;apos;, os.version: &amp;apos;6.1&amp;apos;, java.version: &amp;apos;1.8.0_91&amp;apos;
Driver info: io.appium.java_client.android.AndroidDriver
Capabilities [{appPackage=com.ril.ajio, app=D:\Android\Ajio-Prod_1-21.apk, networkConnectionEnabled=true, warnings={}, databaseEnabled=false, deviceName=192.168.188.102:5555, platform=LINUX, appActivity=SplashScreenActivity, desired={appPackage=com.ril.ajio, appActivity=SplashScreenActivity, app=D:\Android\Ajio-Prod_1-21.apk, platformVersion=5.1, platformName=Android, deviceName=192.168.188.102:5555}, platformVersion=5.1, webStorageEnabled=false, locationContextEnabled=false, browserName=Android, takesScreenshot=true, javascriptEnabled=true, platformName=Android}]
Session ID: 37e0876a-6362-48f7-999a-4f3fdae4b42a
*** Element info: {Using=id, value=com.ril.ajio:id/signin_bt_myact}">
      <![CDATA[org.openqa.selenium.NoSuchElementException: An element could not be located on the page using the given search parameters. (WARNING: The server did not provide any stacktrace information)
Command duration or timeout: 30.09 seconds
For documentation on this error, please visit: http://seleniumhq.org/exceptions/no_such_element.html
Build info: version: '2.48.2', revision: '41bccdd10cf2c0560f637404c2d96164b67d9d67', time: '2015-10-09 13:08:06'
System info: host: 'LT0062160', ip: '10.106.154.96', os.name: 'Windows 7', os.arch: 'amd64', os.version: '6.1', java.version: '1.8.0_91'
Driver info: io.appium.java_client.android.AndroidDriver
Capabilities [{appPackage=com.ril.ajio, app=D:\Android\Ajio-Prod_1-21.apk, networkConnectionEnabled=true, warnings={}, databaseEnabled=false, deviceName=192.168.188.102:5555, platform=LINUX, appActivity=SplashScreenActivity, desired={appPackage=com.ril.ajio, appActivity=SplashScreenActivity, app=D:\Android\Ajio-Prod_1-21.apk, platformVersion=5.1, platformName=Android, deviceName=192.168.188.102:5555}, platformVersion=5.1, webStorageEnabled=false, locationContextEnabled=false, browserName=Android, takesScreenshot=true, javascriptEnabled=true, platformName=Android}]
Session ID: 37e0876a-6362-48f7-999a-4f3fdae4b42a
*** Element info: {Using=id, value=com.ril.ajio:id/signin_bt_myact}
	at org.openqa.selenium.remote.ErrorHandler.createThrowable(ErrorHandler.java:206)
	at org.openqa.selenium.remote.ErrorHandler.throwIfResponseFailed(ErrorHandler.java:158)
	at org.openqa.selenium.remote.RemoteWebDriver.execute(RemoteWebDriver.java:647)
	at io.appium.java_client.DefaultGenericMobileDriver.execute(DefaultGenericMobileDriver.java:42)
	at io.appium.java_client.AppiumDriver.execute(AppiumDriver.java:1)
	at io.appium.java_client.android.AndroidDriver.execute(AndroidDriver.java:1)
	at org.openqa.selenium.remote.RemoteWebDriver.findElement(RemoteWebDriver.java:353)
	at org.openqa.selenium.remote.RemoteWebDriver.findElementById(RemoteWebDriver.java:403)
	at io.appium.java_client.DefaultGenericMobileDriver.findElementById(DefaultGenericMobileDriver.java:62)
	at io.appium.java_client.AppiumDriver.findElementById(AppiumDriver.java:1)
	at io.appium.java_client.android.AndroidDriver.findElementById(AndroidDriver.java:1)
	at org.openqa.selenium.By$ById.findElement(By.java:218)
	at org.openqa.selenium.remote.RemoteWebDriver.findElement(RemoteWebDriver.java:345)
	at io.appium.java_client.DefaultGenericMobileDriver.findElement(DefaultGenericMobileDriver.java:52)
	at io.appium.java_client.AppiumDriver.findElement(AppiumDriver.java:1)
	at io.appium.java_client.android.AndroidDriver.findElement(AndroidDriver.java:1)
	at com.san.appium.sandriver.SelBase.click(SelBase.java:52)
	at com.appium.san.ajio.androidajio.components.Components.navigatetologin(Components.java:25)
	at com.appium.san.ajio.androidajio.TestLogin.Verify_user_can_sign_into_the_app_with_an_existing_account(TestLogin.java:30)
	at java.util.concurrent.FutureTask.run(FutureTask.java:266)
	at java.util.concurrent.ThreadPoolExecutor.runWorker(ThreadPoolExecutor.java:1142)
	at java.util.concurrent.ThreadPoolExecutor$Worker.run(ThreadPoolExecutor.java:617)
	at java.lang.Thread.run(Thread.java:745)
... Removed 20 stack frames]]>
    </failure>
  </testcase> <!-- Verify_user_can_sign_into_the_app_with_an_existing_account -->
</testsuite> <!-- Emulator-2 -->
