<?xml version="1.0" encoding="UTF-8"?>
<!-- Generated by org.testng.reporters.JUnitXMLReporter -->
<testsuite hostname="santhosh-PC" name="Emulator-1" tests="1" failures="1" timestamp="10 Sep 2016 07:51:19 GMT" time="47.395" errors="0">
  <testcase name="testmethodLogin" time="23.12" classname="com.appium.san.ajio.androidajio.TestLogin">
    <failure type="org.openqa.selenium.NoSuchElementException" message="An element could not be located on the page using the given search parameters. (WARNING: The server did not provide any stacktrace information)
Command duration or timeout: 10.75 seconds
For documentation on this error, please visit: http://seleniumhq.org/exceptions/no_such_element.html
Build info: version: &amp;apos;2.48.2&amp;apos;, revision: &amp;apos;41bccdd10cf2c0560f637404c2d96164b67d9d67&amp;apos;, time: &amp;apos;2015-10-09 13:08:06&amp;apos;
System info: host: &amp;apos;santhosh-PC&amp;apos;, ip: &amp;apos;169.254.114.64&amp;apos;, os.name: &amp;apos;Windows 7&amp;apos;, os.arch: &amp;apos;amd64&amp;apos;, os.version: &amp;apos;6.1&amp;apos;, java.version: &amp;apos;1.8.0_25&amp;apos;
Driver info: io.appium.java_client.android.AndroidDriver
Capabilities [{app=C:\Users\santhosh\Downloads\SHAREit\SM-G935F\app\AJIO.apk, appPackage=com.ril.ajio, networkConnectionEnabled=true, warnings={}, databaseEnabled=false, deviceName=98857538485134424f, platform=LINUX, appActivity=SplashScreenActivity, desired={app=C:\Users\santhosh\Downloads\SHAREit\SM-G935F\app\AJIO.apk, appPackage=com.ril.ajio, appActivity=SplashScreenActivity, newCommandTimeout=30, platformVersion=5.1, automationName=Appium, platformName=Android, deviceName=50a44df8}, newCommandTimeout=30, platformVersion=6.0.1, webStorageEnabled=false, locationContextEnabled=false, automationName=Appium, browserName=Android, takesScreenshot=true, javascriptEnabled=true, platformName=Android}]
Session ID: 2e833804-da3d-4810-bc47-bb30d5ef9a51
*** Element info: {Using=-android uiautomator, value=new UiSelector().resourceId(&amp;quot;com.ril.ajio:id/txt_password&amp;quot;)}">
      <![CDATA[org.openqa.selenium.NoSuchElementException: An element could not be located on the page using the given search parameters. (WARNING: The server did not provide any stacktrace information)
Command duration or timeout: 10.75 seconds
For documentation on this error, please visit: http://seleniumhq.org/exceptions/no_such_element.html
Build info: version: '2.48.2', revision: '41bccdd10cf2c0560f637404c2d96164b67d9d67', time: '2015-10-09 13:08:06'
System info: host: 'santhosh-PC', ip: '169.254.114.64', os.name: 'Windows 7', os.arch: 'amd64', os.version: '6.1', java.version: '1.8.0_25'
Driver info: io.appium.java_client.android.AndroidDriver
Capabilities [{app=C:\Users\santhosh\Downloads\SHAREit\SM-G935F\app\AJIO.apk, appPackage=com.ril.ajio, networkConnectionEnabled=true, warnings={}, databaseEnabled=false, deviceName=98857538485134424f, platform=LINUX, appActivity=SplashScreenActivity, desired={app=C:\Users\santhosh\Downloads\SHAREit\SM-G935F\app\AJIO.apk, appPackage=com.ril.ajio, appActivity=SplashScreenActivity, newCommandTimeout=30, platformVersion=5.1, automationName=Appium, platformName=Android, deviceName=50a44df8}, newCommandTimeout=30, platformVersion=6.0.1, webStorageEnabled=false, locationContextEnabled=false, automationName=Appium, browserName=Android, takesScreenshot=true, javascriptEnabled=true, platformName=Android}]
Session ID: 2e833804-da3d-4810-bc47-bb30d5ef9a51
*** Element info: {Using=-android uiautomator, value=new UiSelector().resourceId("com.ril.ajio:id/txt_password")}
	at org.openqa.selenium.remote.ErrorHandler.createThrowable(ErrorHandler.java:206)
	at org.openqa.selenium.remote.ErrorHandler.throwIfResponseFailed(ErrorHandler.java:158)
	at org.openqa.selenium.remote.RemoteWebDriver.execute(RemoteWebDriver.java:647)
	at io.appium.java_client.DefaultGenericMobileDriver.execute(DefaultGenericMobileDriver.java:42)
	at io.appium.java_client.AppiumDriver.execute(AppiumDriver.java:1)
	at io.appium.java_client.android.AndroidDriver.execute(AndroidDriver.java:1)
	at org.openqa.selenium.remote.RemoteWebDriver.findElement(RemoteWebDriver.java:353)
	at io.appium.java_client.android.AndroidDriver.findElementByAndroidUIAutomator(AndroidDriver.java:394)
	at com.appium.san.ajio.androidajio.components.Components.login(Components.java:25)
	at com.appium.san.ajio.androidajio.TestLogin.testmethodLogin(TestLogin.java:16)
	at java.util.concurrent.FutureTask.run(Unknown Source)
	at java.util.concurrent.ThreadPoolExecutor.runWorker(Unknown Source)
	at java.util.concurrent.ThreadPoolExecutor$Worker.run(Unknown Source)
	at java.lang.Thread.run(Unknown Source)
... Removed 20 stack frames]]>
    </failure>
  </testcase> <!-- testmethodLogin -->
</testsuite> <!-- Emulator-1 -->
